<?xml version="1.0" encoding="UTF-8"?>
<testsuite xmlns:xsi="http://www.w3.org/2001/XMLSchema-instance" xsi:noNamespaceSchemaLocation="https://maven.apache.org/surefire/maven-surefire-plugin/xsd/surefire-test-report.xsd" name="TestSuite" time="14.125" tests="1" errors="0" skipped="0" failures="0">
  <properties>
    <property name="awt.toolkit" value="sun.awt.windows.WToolkit"/>
    <property name="java.specification.version" value="11"/>
    <property name="RUN_DISPLAY_URL" value="http://localhost:8080/job/Selproject/1/display/redirect"/>
    <property name="HUDSON_HOME" value="C:\Users\sppat\.jenkins"/>
    <property name="sun.cpu.isalist" value="amd64"/>
    <property name="RUN_CHANGES_DISPLAY_URL" value="http://localhost:8080/job/Selproject/1/display/redirect?page=changes"/>
    <property name="sun.jnu.encoding" value="Cp1252"/>
    <property name="ALLUSERSPROFILE" value="C:\ProgramData"/>
    <property name="sun.arch.data.model" value="64"/>
    <property name="SystemDrive" value="C:"/>
    <property name="java.vendor.url" value="https://openjdk.java.net/"/>
    <property name="JENKINS_SERVER_COOKIE" value="72221f603bb8274b"/>
    <property name="USERNAME" value="sppat"/>
    <property name="ProgramFiles(x86)" value="C:\Program Files (x86)"/>
    <property name="JENKINS_URL" value="http://localhost:8080/"/>
    <property name="sun.boot.library.path" value="C:\Program Files\Java\jdk-11.0.11\bin"/>
    <property name="sun.java.command" value="jenkins.maven3.agent.Maven35Main C:\Users\sppat\.jenkins\tools\hudson.tasks.Maven_MavenInstallation\SelMaven C:\Users\sppat\.jenkins\war\WEB-INF\lib\remoting-4.7.jar C:\Users\sppat\.jenkins\plugins\maven-plugin\WEB-INF\lib\maven35-interceptor-1.13.jar C:\Users\sppat\.jenkins\plugins\maven-plugin\WEB-INF\lib\maven3-interceptor-commons-1.13.jar 58586"/>
    <property name="maven.home" value="C:\Users\sppat\.jenkins\tools\hudson.tasks.Maven_MavenInstallation\SelMaven"/>
    <property name="jdk.debug" value="release"/>
    <property name="PATHEXT" value=".COM;.EXE;.BAT;.CMD;.VBS;.VBE;.JS;.JSE;.WSF;.WSH;.MSC;.CPL"/>
    <property name="DriverData" value="C:\Windows\System32\Drivers\DriverData"/>
    <property name="java.specification.vendor" value="Oracle Corporation"/>
    <property name="jansi.mode" value="strip"/>
    <property name="java.version.date" value="2021-04-20"/>
    <property name="java.home" value="C:\Program Files\Java\jdk-11.0.11"/>
    <property name="JENKINS_HOME" value="C:\Users\sppat\.jenkins"/>
    <property name="file.separator" value="\"/>
    <property name="java.vm.compressedOopsMode" value="Zero based"/>
    <property name="line.separator" value="&#10;"/>
    <property name="HOMEPATH" value="\Users\sppat"/>
    <property name="NODE_NAME" value="master"/>
    <property name="java.specification.name" value="Java Platform API Specification"/>
    <property name="java.vm.specification.vendor" value="Oracle Corporation"/>
    <property name="BUILD_DISPLAY_NAME" value="#1"/>
    <property name="PROCESSOR_IDENTIFIER" value="Intel64 Family 6 Model 142 Stepping 12, GenuineIntel"/>
    <property name="maven3.interceptor" value="C:\Users\sppat\.jenkins\plugins\maven-plugin\WEB-INF\lib\maven35-interceptor-1.13.jar"/>
    <property name="PATH+MAVEN" value="C:\Users\sppat\.jenkins\tools\hudson.tasks.Maven_MavenInstallation\SelMaven/bin"/>
    <property name="maven3.interceptor.common" value="C:\Users\sppat\.jenkins\plugins\maven-plugin\WEB-INF\lib\maven3-interceptor-commons-1.13.jar"/>
    <property name="ProgramFiles" value="C:\Program Files"/>
    <property name="PUBLIC" value="C:\Users\Public"/>
    <property name="windir" value="C:\WINDOWS"/>
    <property name="ZES_ENABLE_SYSMAN" value="1"/>
    <property name="WORKSPACE_TMP" value="C:\Users\sppat\eclipse-workspace\SeleniumBatch3rdOctoberr@tmp"/>
    <property name="user.script" value=""/>
    <property name="sun.management.compiler" value="HotSpot 64-Bit Tiered Compilers"/>
    <property name="java.runtime.version" value="11.0.11+9-LTS-194"/>
    <property name="JAVA_HOME" value="C:\Program Files\Java\jdk-11.0.11"/>
    <property name="user.name" value="sppat"/>
    <property name="OneDrive" value="C:\Users\sppat\OneDrive"/>
    <property name="file.encoding" value="Cp1252"/>
    <property name="APPDATA" value="C:\Users\sppat\AppData\Roaming"/>
    <property name="guice.disable.misplaced.annotation.check" value="true"/>
    <property name="HUDSON_URL" value="http://localhost:8080/"/>
    <property name="WORKSPACE" value="C:\Users\sppat\eclipse-workspace\SeleniumBatch3rdOctoberr"/>
    <property name="java.vendor.version" value="18.9"/>
    <property name="DokanLibrary1_LibraryPath_x86" value="C:\Program Files\Dokan\Dokan Library-1.4.1\x86\lib\"/>
    <property name="Path" value="C:\Program Files\Java\jdk-11.0.11/bin;C:\Program Files\Common Files\Oracle\Java\javapath;C:\Program Files (x86)\Common Files\Oracle\Java\javapath;C:\Windows\system32;C:\Windows;C:\Windows\System32\Wbem;C:\Windows\System32\WindowsPowerShell\v1.0\;C:\Windows\System32\OpenSSH\;C:\Program Files (x86)\NVIDIA Corporation\PhysX\Common;C:\Program Files\NVIDIA Corporation\NVIDIA NvDLISR;C:\WINDOWS\system32;C:\WINDOWS;C:\WINDOWS\System32\Wbem;C:\WINDOWS\System32\WindowsPowerShell\v1.0\;C:\WINDOWS\System32\OpenSSH\;C:\Program Files\Git\cmd;C:\Program Files\PuTTY\;C:\Program Files\Java\jdk-11.0.11\bin;C:\Users\sppat\Downloads\apache-maven-3.8.2-bin\apache-maven-3.8.2\bin;C:\Users\sppat\Downloads\apache-maven-3.8.2-bin\apache-maven-3.8.2\;C:\Program Files\Java\jdk-11.0.11\bin;C:\Users\sppat\Downloads\apache-maven-3.8.2-bin\apache-maven-3.8.2\\bin;C:\ProgramData\sppat\GitHubDesktop\bin"/>
    <property name="java.io.tmpdir" value="C:\Users\sppat\AppData\Local\Temp\"/>
    <property name="java.version" value="11.0.11"/>
    <property name="CI" value="true"/>
    <property name="COMPUTERNAME" value="LAPTOP-E55E5HTQ"/>
    <property name="java.vm.specification.name" value="Java Virtual Machine Specification"/>
    <property name="java.awt.printerjob" value="sun.awt.windows.WPrinterJob"/>
    <property name="JOB_BASE_NAME" value="Selproject"/>
    <property name="sun.os.patch.level" value=""/>
    <property name="ComSpec" value="C:\WINDOWS\system32\cmd.exe"/>
    <property name="org.slf4j.simpleLogger.defaultLogLevel" value="info"/>
    <property name="java.library.path" value="C:\Program Files\Java\jdk-11.0.11\bin;C:\WINDOWS\Sun\Java\bin;C:\WINDOWS\system32;C:\WINDOWS;C:\Users\sppat\.jenkins\tools\hudson.tasks.Maven_MavenInstallation\SelMaven/bin;C:\Program Files\Java\jdk-11.0.11/bin;C:\Program Files\Java\jdk-11.0.11/bin;C:\Program Files\Common Files\Oracle\Java\javapath;C:\Program Files (x86)\Common Files\Oracle\Java\javapath;C:\Windows\system32;C:\Windows;C:\Windows\System32\Wbem;C:\Windows\System32\WindowsPowerShell\v1.0\;C:\Windows\System32\OpenSSH\;C:\Program Files (x86)\NVIDIA Corporation\PhysX\Common;C:\Program Files\NVIDIA Corporation\NVIDIA NvDLISR;C:\WINDOWS\system32;C:\WINDOWS;C:\WINDOWS\System32\Wbem;C:\WINDOWS\System32\WindowsPowerShell\v1.0\;C:\WINDOWS\System32\OpenSSH\;C:\Program Files\Git\cmd;C:\Program Files\PuTTY\;C:\Program Files\Java\jdk-11.0.11\bin;C:\Users\sppat\Downloads\apache-maven-3.8.2-bin\apache-maven-3.8.2\bin;C:\Users\sppat\Downloads\apache-maven-3.8.2-bin\apache-maven-3.8.2\;C:\Program Files\Java\jdk-11.0.11\bin;C:\Users\sppat\Downloads\apache-maven-3.8.2-bin\apache-maven-3.8.2\\bin;C:\ProgramData\sppat\GitHubDesktop\bin;."/>
    <property name="BUILD_NUMBER" value="1"/>
    <property name="java.vendor" value="Oracle Corporation"/>
    <property name="BUILD_URL" value="http://localhost:8080/job/Selproject/1/"/>
    <property name="HOMEDRIVE" value="C:"/>
    <property name="RUN_ARTIFACTS_DISPLAY_URL" value="http://localhost:8080/job/Selproject/1/display/redirect?page=artifacts"/>
    <property name="sun.io.unicode.encoding" value="UnicodeLittle"/>
    <property name="NUMBER_OF_PROCESSORS" value="8"/>
    <property name="sun.desktop" value="windows"/>
    <property name="USERDOMAIN_ROAMINGPROFILE" value="LAPTOP-E55E5HTQ"/>
    <property name="PROCESSOR_LEVEL" value="6"/>
    <property name="JOB_URL" value="http://localhost:8080/job/Selproject/"/>
    <property name="java.class.path" value="C:\Users\sppat\.jenkins\plugins\maven-plugin\WEB-INF\lib\maven35-agent-1.13.jar;C:\Users\sppat\.jenkins\tools\hudson.tasks.Maven_MavenInstallation\SelMaven\boot\plexus-classworlds-2.6.0.jar;C:\Users\sppat\.jenkins\tools\hudson.tasks.Maven_MavenInstallation\SelMaven/conf/logging"/>
    <property name="java.vm.vendor" value="Oracle Corporation"/>
    <property name="PROCESSOR_ARCHITECTURE" value="AMD64"/>
    <property name="PSModulePath" value="C:\Users\sppat\Documents\WindowsPowerShell\Modules;C:\Program Files\WindowsPowerShell\Modules;C:\WINDOWS\system32\WindowsPowerShell\v1.0\Modules"/>
    <property name="user.variant" value=""/>
    <property name="MAVEN_HOME" value="C:\Users\sppat\.jenkins\tools\hudson.tasks.Maven_MavenInstallation\SelMaven"/>
    <property name="user.timezone" value="America/New_York"/>
    <property name="maven.conf" value="C:\Users\sppat\.jenkins\tools\hudson.tasks.Maven_MavenInstallation\SelMaven\conf"/>
    <property name="os.name" value="Windows 10"/>
    <property name="java.vm.specification.version" value="11"/>
    <property name="RUN_TESTS_DISPLAY_URL" value="http://localhost:8080/job/Selproject/1/display/redirect?page=tests"/>
    <property name="DokanLibrary1_LibraryPath_x64" value="C:\Program Files\Dokan\Dokan Library-1.4.1\lib\"/>
    <property name="user.country" value="CA"/>
    <property name="sun.java.launcher" value="SUN_STANDARD"/>
    <property name="BUILD_TAG" value="jenkins-Selproject-1"/>
    <property name="sun.cpu.endian" value="little"/>
    <property name="OneDriveConsumer" value="C:\Users\sppat\OneDrive"/>
    <property name="user.home" value="C:\Users\sppat"/>
    <property name="user.language" value="en"/>
    <property name="ProgramData" value="C:\ProgramData"/>
    <property name="ProgramW6432" value="C:\Program Files"/>
    <property name="java.awt.graphicsenv" value="sun.awt.Win32GraphicsEnvironment"/>
    <property name="JOB_DISPLAY_URL" value="http://localhost:8080/job/Selproject/display/redirect"/>
    <property name="M2_HOME" value="C:\Users\sppat\.jenkins\tools\hudson.tasks.Maven_MavenInstallation\SelMaven"/>
    <property name="LOCALAPPDATA" value="C:\Users\sppat\AppData\Local"/>
    <property name="USERDOMAIN" value="LAPTOP-E55E5HTQ"/>
    <property name="LOGONSERVER" value="\\LAPTOP-E55E5HTQ"/>
    <property name="path.separator" value=";"/>
    <property name="BUILD_ID" value="1"/>
    <property name="os.version" value="10.0"/>
    <property name="JOB_NAME" value="Selproject"/>
    <property name="java.runtime.name" value="Java(TM) SE Runtime Environment"/>
    <property name="NODE_LABELS" value="master"/>
    <property name="java.vm.name" value="Java HotSpot(TM) 64-Bit Server VM"/>
    <property name="DokanLibrary1" value="C:\Program Files\Dokan\Dokan Library-1.4.1\"/>
    <property name="PATH+JDK" value="C:\Program Files\Java\jdk-11.0.11/bin"/>
    <property name="CommonProgramFiles" value="C:\Program Files\Common Files"/>
    <property name="java.vendor.url.bug" value="https://bugreport.java.com/bugreport/"/>
    <property name="OS" value="Windows_NT"/>
    <property name="user.dir" value="C:\Users\sppat\eclipse-workspace\SeleniumBatch3rdOctoberr"/>
    <property name="os.arch" value="amd64"/>
    <property name="EXECUTOR_NUMBER" value="0"/>
    <property name="HUDSON_SERVER_COOKIE" value="72221f603bb8274b"/>
    <property name="PROCESSOR_REVISION" value="8e0c"/>
    <property name="CLASSPATH" value=""/>
    <property name="CommonProgramW6432" value="C:\Program Files\Common Files"/>
    <property name="SystemRoot" value="C:\WINDOWS"/>
    <property name="TEMP" value="C:\Users\sppat\AppData\Local\Temp"/>
    <property name="java.vm.info" value="mixed mode"/>
    <property name="java.vm.version" value="11.0.11+9-LTS-194"/>
    <property name="USERPROFILE" value="C:\Users\sppat"/>
    <property name="TMP" value="C:\Users\sppat\AppData\Local\Temp"/>
    <property name="CommonProgramFiles(x86)" value="C:\Program Files (x86)\Common Files"/>
    <property name="java.class.version" value="55.0"/>
  </properties>
  <testcase name="closeModalWindow" classname="com.envision.learning.demos.Alertiframewindows" time="11.308"/>
</testsuite>