<?xml version="1.0" encoding="UTF-8"?>
<!-- Generated by org.testng.reporters.JUnitReportReporter -->
<testsuite hostname="LAPTOP-E55E5HTQ" failures="0" tests="1" name="com.envision.learning.demos.Widgets" time="7.862" errors="0" timestamp="18 Sep. 2021 04:37:47 GMT" skipped="0">
  <testcase classname="com.envision.learning.demos.Widgets" name="verifyTabSelection1" time="7.862"/>
</testsuite> <!-- com.envision.learning.demos.Widgets -->
