<?xml version="1.0" encoding="UTF-8"?>
<!-- Generated by org.testng.reporters.JUnitReportReporter -->
<testsuite hostname="LAPTOP-E55E5HTQ" failures="0" tests="1" name="com.envision.learning.demos.DatePicker" time="20.032" errors="0" timestamp="18 Sep. 2021 04:47:04 GMT" skipped="0">
  <testcase classname="com.envision.learning.demos.DatePicker" name="verifyDateSelectionUsingKey" time="20.032"/>
</testsuite> <!-- com.envision.learning.demos.DatePicker -->
