<?xml version="1.0" encoding="UTF-8"?>
<!-- Generated by org.testng.reporters.JUnitReportReporter -->
<testsuite hostname="LAPTOP-E55E5HTQ" failures="0" tests="1" name="com.envision.learning.demos.Alertiframewindows" time="13.682" errors="0" timestamp="17 Dec. 2021 06:11:17 GMT" skipped="0">
  <testcase classname="com.envision.learning.demos.Alertiframewindows" name="closeModalWindow" time="13.682"/>
</testsuite> <!-- com.envision.learning.demos.Alertiframewindows -->
